<?xml version="1.0" encoding="UTF-8"?>
<!-- Generated by org.testng.reporters.JUnitReportReporter -->
<testsuite hostname="admins-MacBook-Pro.local" failures="0" tests="1" name="org.example.E2ETest" time="2.494" errors="0" timestamp="2022-01-21T08:59:37 CET" skipped="0">
  <testcase classname="org.example.E2ETest" name="verifyAddAndModifyToDo" time="2.494"/>
  <system-out/>
</testsuite> <!-- org.example.E2ETest -->
